<?xml version="1.0" encoding="UTF-8"?>
<!-- Generated by org.testng.reporters.JUnitReportReporter -->
<testsuite hostname="DESKTOP-NAQEBV7" failures="0" tests="1" name="com.odoo.automation.testLayer.Login" time="8.362" errors="0" timestamp="2024-05-30T10:35:25 IST" skipped="0">
  <testcase classname="com.odoo.automation.testLayer.Login" name="varify_user_should_login_using_valid_credential" time="8.362"/>
  <system-out/>
</testsuite> <!-- com.odoo.automation.testLayer.Login -->
