<?xml version="1.0" encoding="UTF-8"?>
<!-- Generated by org.testng.reporters.JUnitReportReporter -->
<testsuite hostname="DESKTOP-NAQEBV7" failures="0" tests="1" name="com.odoo.automation.testLayer.EnquiryForm" time="9.594" errors="0" timestamp="2024-05-30T10:35:25 IST" skipped="0">
  <testcase classname="com.odoo.automation.testLayer.EnquiryForm" name="enquiry_form_successfully_submitted" time="9.594"/>
  <system-out/>
</testsuite> <!-- com.odoo.automation.testLayer.EnquiryForm -->
