<?xml version="1.0" encoding="UTF-8"?>
<!-- Generated by org.testng.reporters.JUnitReportReporter -->
<testsuite hostname="DESKTOP-NAQEBV7" failures="0" tests="1" name="com.odoo.automation.testLayer.ContactUs" time="8.865" errors="0" timestamp="2024-05-30T10:35:25 IST" skipped="0">
  <testcase classname="com.odoo.automation.testLayer.ContactUs" name="user_should_contact_succesfully" time="8.865"/>
  <system-out/>
</testsuite> <!-- com.odoo.automation.testLayer.ContactUs -->
